タイムスタンプ	ファイル名	エラー	メッセージ
2013-10-16 17:17:55.059 +0900	シェアリング計算機.fmp12	0	インポート処理が開始されました
2013-10-16 17:17:55.084 +0900	シェアリング計算機.fmp12	0	クリップボードからの フィールド のインポートを開始しました
2013-10-16 17:17:55.120 +0900	商品データ	0	フィールド インポート済み: 1
2013-10-16 17:17:55.141 +0900	シェアリング計算機.fmp12	0	インポートが完了しました
2013-10-16 17:19:24.556 +0900	シェアリング計算機.fmp12	0	インポート処理が確定されました
2013-10-16 17:19:24.577 +0900	シェアリング計算機.fmp12	0	==================================================================
2013-10-16 17:35:40.893 +0900	シェアリング計算機.fmp12	0	インポート処理が開始されました
2013-10-16 17:35:40.935 +0900	シェアリング計算機.fmp12	0	クリップボードからの フィールド のインポートを開始しました
2013-10-16 17:35:40.961 +0900	メンバデータ	0	フィールド インポート済み: 1
2013-10-16 17:35:40.983 +0900	シェアリング計算機.fmp12	0	インポートが完了しました
2013-10-16 17:36:07.286 +0900	シェアリング計算機.fmp12	0	インポート処理が確定されました
2013-10-16 17:36:07.308 +0900	シェアリング計算機.fmp12	0	==================================================================
2013-10-16 17:37:01.379 +0900	シェアリング計算機.fmp12	0	インポート処理が開始されました
2013-10-16 17:37:01.422 +0900	シェアリング計算機.fmp12	0	クリップボードからの フィールド のインポートを開始しました
2013-10-16 17:37:01.449 +0900	メンバデータ	0	フィールド インポート済み: 1
2013-10-16 17:37:01.471 +0900	シェアリング計算機.fmp12	0	インポートが完了しました
2013-10-16 17:38:23.941 +0900	シェアリング計算機.fmp12	0	インポート処理が確定されました
2013-10-16 17:38:23.972 +0900	シェアリング計算機.fmp12	0	==================================================================
2013-10-16 17:52:34.264 +0900	シェアリング計算機.fmp12	0	インポート処理が開始されました
2013-10-16 17:52:34.311 +0900	シェアリング計算機.fmp12	0	クリップボードからの フィールド のインポートを開始しました
2013-10-16 17:52:34.337 +0900	メンバデータ	0	フィールド インポート済み: 1
2013-10-16 17:52:34.360 +0900	シェアリング計算機.fmp12	0	インポートが完了しました
2013-10-16 17:53:33.860 +0900	シェアリング計算機.fmp12	0	クリップボードからの フィールド のインポートを開始しました
2013-10-16 17:53:33.903 +0900	商品データ	0	フィールド「数量」は、「数量 2」としてインポートされました。「数量」という名前のフィールドはすでに存在します。
2013-10-16 17:53:33.931 +0900	商品データ	0	フィールド インポート済み: 3
2013-10-16 17:53:33.951 +0900	シェアリング計算機.fmp12	0	インポートが完了しました
2013-10-16 17:58:46.170 +0900	シェアリング計算機.fmp12	0	インポート処理が確定されました
2013-10-16 17:58:46.207 +0900	シェアリング計算機.fmp12	0	==================================================================
2013-10-16 17:59:34.875 +0900	シェアリング計算機.fmp12	0	インポート処理が開始されました
2013-10-16 17:59:34.910 +0900	シェアリング計算機.fmp12	0	クリップボードからの フィールド のインポートを開始しました
2013-10-16 17:59:34.945 +0900	購入商品	0	フィールド インポート済み: 1
2013-10-16 17:59:34.967 +0900	シェアリング計算機.fmp12	0	インポートが完了しました
2013-10-16 18:00:37.576 +0900	シェアリング計算機.fmp12	0	クリップボードからの フィールド のインポートを開始しました
2013-10-16 18:00:37.608 +0900	購入商品	0	フィールド インポート済み: 1
2013-10-16 18:00:37.647 +0900	シェアリング計算機.fmp12	0	インポートが完了しました
2013-10-16 18:01:27.802 +0900	シェアリング計算機.fmp12	0	クリップボードからの フィールド のインポートを開始しました
2013-10-16 18:01:27.832 +0900	購入商品	0	フィールド インポート済み: 1
2013-10-16 18:01:27.854 +0900	シェアリング計算機.fmp12	0	インポートが完了しました
2013-10-16 18:02:11.539 +0900	シェアリング計算機.fmp12	0	インポート処理が確定されました
2013-10-16 18:02:11.568 +0900	シェアリング計算機.fmp12	0	==================================================================
2013-10-16 18:15:34.601 +0900	シェアリング計算機.fmp12	0	ファイル「(株)青果問屋まるだい.fmp12」からの スクリプト のインポートを開始しました
2013-10-16 18:15:34.668 +0900	トリガ | 最初のウィンドウが開いたとき	0	スクリプトステップ インポート済み: 4
2013-10-16 18:15:34.697 +0900	シェアリング計算機.fmp12	0	スクリプト インポート済み: 1
2013-10-16 18:15:34.720 +0900	シェアリング計算機.fmp12	0	インポートが完了しました
2013-10-16 18:37:13.352 +0900	シェアリング計算機.fmp12	0	インポート処理が開始されました
2013-10-16 18:37:13.397 +0900	シェアリング計算機.fmp12	0	クリップボードからの フィールド のインポートを開始しました
2013-10-16 18:37:13.417 +0900	購入商品	0	フィールド インポート済み: 1
2013-10-16 18:37:13.438 +0900	シェアリング計算機.fmp12	0	インポートが完了しました
2013-10-16 18:40:10.926 +0900	シェアリング計算機.fmp12	0	インポート処理が確定されました
2013-10-16 18:40:10.955 +0900	シェアリング計算機.fmp12	0	==================================================================
2013-10-16 19:59:19.727 +0900	シェアリング計算機.fmp12	0	インポート処理が開始されました
2013-10-16 19:59:19.754 +0900	シェアリング計算機.fmp12	0	クリップボードからの フィールド のインポートを開始しました
2013-10-16 19:59:19.782 +0900	メンバデータ::識別ID	102	計算式「Case ( not IsEmpty( 日付 ) ;Left ( Max ( 識別ID ) ; 8) & "-" & Right ( Max ( 識別ID ) + 1 ; 4) ;SerialIncrement ( Year ( 日付 ) & Right ( "0" & Month ( 日付 ) ; 2 ) & Right ( "0" & Day ( 日付 ) ; 2 ) & "-0000" ; 1 ) )」で参照されているフィールドが見つかりません。
2013-10-16 19:59:19.796 +0900	メンバデータ	0	フィールド インポート済み: 1
2013-10-16 19:59:19.818 +0900	シェアリング計算機.fmp12	0	インポートが完了しました
2013-10-16 20:01:36.716 +0900	シェアリング計算機.fmp12	0	クリップボードからの フィールド のインポートを開始しました
2013-10-16 20:01:36.746 +0900	購入商品	0	フィールド インポート済み: 1
2013-10-16 20:01:36.766 +0900	シェアリング計算機.fmp12	0	インポートが完了しました
2013-10-16 20:02:05.368 +0900	シェアリング計算機.fmp12	0	インポート処理が確定されました
2013-10-16 20:02:05.388 +0900	シェアリング計算機.fmp12	0	==================================================================
2013-10-16 21:29:24.000 +0900	シェアリング計算機.fmp12	0	インポート処理が開始されました
2013-10-16 21:29:24.043 +0900	シェアリング計算機.fmp12	0	クリップボードからの テーブル のインポートを開始しました
2013-10-16 21:29:24.067 +0900	シェアリング計算機.fmp12	0	テーブル「メンバデータ」は、「メンバデータ 2」としてインポートされました。「メンバデータ」というテーブルまたはテーブルオカレンスはすでに存在します。
2013-10-16 21:29:24.117 +0900	メンバデータ 2	0	フィールド インポート済み: 5
2013-10-16 21:29:24.151 +0900	シェアリング計算機.fmp12	0	テーブル インポート済み: 1
2013-10-16 21:29:24.177 +0900	シェアリング計算機.fmp12	0	インポートが完了しました
2013-10-16 21:30:21.500 +0900	シェアリング計算機.fmp12	0	クリップボードからの フィールド のインポートを開始しました
2013-10-16 21:30:21.542 +0900	参加メンバ	0	フィールド インポート済み: 5
2013-10-16 21:30:21.561 +0900	シェアリング計算機.fmp12	0	インポートが完了しました
2013-10-16 21:32:28.131 +0900	シェアリング計算機.fmp12	0	インポート処理が確定されました
2013-10-16 21:32:28.169 +0900	シェアリング計算機.fmp12	0	==================================================================
2013-10-16 21:51:20.818 +0900	シェアリング計算機.fmp12	0	インポート処理が開始されました
2013-10-16 21:51:20.845 +0900	シェアリング計算機.fmp12	0	クリップボードからの フィールド のインポートを開始しました
2013-10-16 21:51:20.880 +0900	購入商品	0	フィールド インポート済み: 1
2013-10-16 21:51:20.894 +0900	シェアリング計算機.fmp12	0	インポートが完了しました
2013-10-16 21:57:53.883 +0900	シェアリング計算機.fmp12	0	クリップボードからの フィールド のインポートを開始しました
2013-10-16 21:57:53.915 +0900	購入商品	0	フィールド インポート済み: 1
2013-10-16 21:57:53.935 +0900	シェアリング計算機.fmp12	0	インポートが完了しました
2013-10-16 22:02:06.800 +0900	シェアリング計算機.fmp12	0	クリップボードからの フィールド のインポートを開始しました
2013-10-16 22:02:06.829 +0900	購入商品	0	フィールド「数量」は、「数量 2」としてインポートされました。「数量」という名前のフィールドはすでに存在します。
2013-10-16 22:02:06.871 +0900	購入商品	0	フィールド インポート済み: 5
2013-10-16 22:02:06.886 +0900	シェアリング計算機.fmp12	0	インポートが完了しました
2013-10-16 22:05:24.342 +0900	シェアリング計算機.fmp12	0	クリップボードからの フィールド のインポートを開始しました
2013-10-16 22:05:24.374 +0900	メンバ別購入商品	0	フィールド インポート済み: 1
2013-10-16 22:05:24.389 +0900	シェアリング計算機.fmp12	0	インポートが完了しました
2013-10-16 22:05:32.338 +0900	シェアリング計算機.fmp12	0	クリップボードからの フィールド のインポートを開始しました
2013-10-16 22:05:32.366 +0900	メンバ別購入商品	0	フィールド インポート済み: 1
2013-10-16 22:05:32.390 +0900	シェアリング計算機.fmp12	0	インポートが完了しました
2013-10-16 22:05:51.688 +0900	シェアリング計算機.fmp12	0	インポート処理が確定されました
2013-10-16 22:05:51.720 +0900	シェアリング計算機.fmp12	0	==================================================================
2013-10-16 23:33:56.816 +0900	シェアリング計算機.fmp12	0	クリップボードからの スクリプトステップ のインポートを開始しました
2013-10-16 23:33:56.863 +0900	トリガ | メンバ入力画面へ	0	スクリプトステップ インポート済み: 1
2013-10-16 23:33:56.895 +0900	シェアリング計算機.fmp12	0	インポートが完了しました
2013-10-16 23:34:14.313 +0900	シェアリング計算機.fmp12	0	クリップボードからの スクリプトステップ のインポートを開始しました
2013-10-16 23:34:14.346 +0900	トリガ | 商品入力画面へ	0	スクリプトステップ インポート済み: 1
2013-10-16 23:34:14.394 +0900	シェアリング計算機.fmp12	0	インポートが完了しました
2013-10-17 00:24:29.943 +0900	シェアリング計算機.fmp12	0	インポート処理が開始されました
2013-10-17 00:24:29.966 +0900	シェアリング計算機.fmp12	0	クリップボードからの フィールド のインポートを開始しました
2013-10-17 00:24:30.012 +0900	起動情報::ショッピング識別ID	102	計算式「Case ( not IsEmpty( 日付 ) ;Left ( Max ( ショッピング識別ID ) ; 8) & "-" & Right ( Max ( ショッピング識別ID ) + 1 ; 4) ;SerialIncrement ( Year ( 日付 ) & Right ( "0" & Month ( 日付 ) ; 2 ) & Right ( "0" & Day ( 日付 ) ; 2 ) & "-0000" ; 1 ) )」で参照されているフィールドが見つかりません。
2013-10-17 00:24:30.033 +0900	起動情報	0	フィールド インポート済み: 1
2013-10-17 00:24:30.056 +0900	シェアリング計算機.fmp12	0	インポートが完了しました
2013-10-17 00:27:17.119 +0900	シェアリング計算機.fmp12	0	インポート処理が確定されました
2013-10-17 00:27:17.216 +0900	シェアリング計算機.fmp12	0	==================================================================
2013-10-17 01:05:34.182 +0900	シェアリング計算機.fmp12	0	インポート処理が開始されました
2013-10-17 01:05:34.218 +0900	シェアリング計算機.fmp12	0	クリップボードからの フィールド のインポートを開始しました
2013-10-17 01:05:34.238 +0900	購入商品	0	フィールド インポート済み: 1
2013-10-17 01:05:34.258 +0900	シェアリング計算機.fmp12	0	インポートが完了しました
2013-10-17 01:05:59.400 +0900	シェアリング計算機.fmp12	0	インポート処理が確定されました
2013-10-17 01:05:59.425 +0900	シェアリング計算機.fmp12	0	==================================================================
2013-10-17 01:06:12.247 +0900	シェアリング計算機.fmp12	0	インポート処理が確定されました
2013-10-17 01:06:12.271 +0900	シェアリング計算機.fmp12	0	==================================================================
2013-10-17 01:06:18.599 +0900	シェアリング計算機.fmp12	0	インポート処理が確定されました
2013-10-17 01:06:18.623 +0900	シェアリング計算機.fmp12	0	==================================================================
2013-10-17 01:06:43.535 +0900	シェアリング計算機.fmp12	0	インポート処理が確定されました
2013-10-17 01:06:43.549 +0900	シェアリング計算機.fmp12	0	==================================================================
2013-10-17 01:17:15.996 +0900	シェアリング計算機.fmp12	0	インポート処理が開始されました
2013-10-17 01:17:16.046 +0900	シェアリング計算機.fmp12	0	クリップボードからの フィールド のインポートを開始しました
2013-10-17 01:17:16.070 +0900	シェアリング計算機	0	フィールド「日付」は、「日付 2」としてインポートされました。「日付」という名前のフィールドはすでに存在します。
2013-10-17 01:17:16.090 +0900	シェアリング計算機	0	フィールド インポート済み: 1
2013-10-17 01:17:16.111 +0900	シェアリング計算機.fmp12	0	インポートが完了しました
2013-10-17 01:18:25.422 +0900	シェアリング計算機.fmp12	0	インポート処理が確定されました
2013-10-17 01:18:25.451 +0900	シェアリング計算機.fmp12	0	==================================================================
